mode: set
Alok650/db-basics/internal/utils/random.go:10.13,12.2 1 1
Alok650/db-basics/internal/utils/random.go:16.38,18.2 1 1
Alok650/db-basics/internal/utils/random.go:20.33,24.25 3 1
Alok650/db-basics/internal/utils/random.go:24.25,27.3 2 1
Alok650/db-basics/internal/utils/random.go:28.2,28.20 1 1
Alok650/db-basics/internal/utils/random.go:31.27,33.2 1 1
Alok650/db-basics/internal/utils/random.go:35.25,37.2 1 1
Alok650/db-basics/internal/utils/random.go:39.30,43.2 3 1
Alok650/db-basics/internal/db/sqlc/accounts.sql.go:20.96,31.2 4 1
Alok650/db-basics/internal/db/sqlc/accounts.sql.go:37.70,40.2 2 1
Alok650/db-basics/internal/db/sqlc/accounts.sql.go:46.78,57.2 4 1
Alok650/db-basics/internal/db/sqlc/accounts.sql.go:68.96,70.16 2 1
Alok650/db-basics/internal/db/sqlc/accounts.sql.go:70.16,72.3 1 0
Alok650/db-basics/internal/db/sqlc/accounts.sql.go:73.2,75.18 3 1
Alok650/db-basics/internal/db/sqlc/accounts.sql.go:75.18,83.17 2 1
Alok650/db-basics/internal/db/sqlc/accounts.sql.go:83.17,85.4 1 0
Alok650/db-basics/internal/db/sqlc/accounts.sql.go:86.3,86.27 1 1
Alok650/db-basics/internal/db/sqlc/accounts.sql.go:88.2,88.37 1 1
Alok650/db-basics/internal/db/sqlc/accounts.sql.go:88.37,90.3 1 0
Alok650/db-basics/internal/db/sqlc/accounts.sql.go:91.2,91.35 1 1
Alok650/db-basics/internal/db/sqlc/accounts.sql.go:91.35,93.3 1 0
Alok650/db-basics/internal/db/sqlc/accounts.sql.go:94.2,94.19 1 1
Alok650/db-basics/internal/db/sqlc/accounts.sql.go:106.96,117.2 4 1
Alok650/db-basics/internal/db/sqlc/db.go:17.28,19.2 1 1
Alok650/db-basics/internal/db/sqlc/db.go:25.47,29.2 1 0
Alok650/db-basics/internal/db/sqlc/entries.sql.go:24.90,34.2 4 0
Alok650/db-basics/internal/db/sqlc/entries.sql.go:40.74,50.2 4 0
Alok650/db-basics/internal/db/sqlc/entries.sql.go:62.92,64.16 2 0
Alok650/db-basics/internal/db/sqlc/entries.sql.go:64.16,66.3 1 0
Alok650/db-basics/internal/db/sqlc/entries.sql.go:67.2,69.18 3 0
Alok650/db-basics/internal/db/sqlc/entries.sql.go:69.18,76.17 2 0
Alok650/db-basics/internal/db/sqlc/entries.sql.go:76.17,78.4 1 0
Alok650/db-basics/internal/db/sqlc/entries.sql.go:79.3,79.27 1 0
Alok650/db-basics/internal/db/sqlc/entries.sql.go:81.2,81.37 1 0
Alok650/db-basics/internal/db/sqlc/entries.sql.go:81.37,83.3 1 0
Alok650/db-basics/internal/db/sqlc/entries.sql.go:84.2,84.35 1 0
Alok650/db-basics/internal/db/sqlc/entries.sql.go:84.35,86.3 1 0
Alok650/db-basics/internal/db/sqlc/entries.sql.go:87.2,87.19 1 0
Alok650/db-basics/internal/db/sqlc/transfers.sql.go:24.99,35.2 4 0
Alok650/db-basics/internal/db/sqlc/transfers.sql.go:41.79,52.2 4 0
Alok650/db-basics/internal/db/sqlc/transfers.sql.go:65.99,72.16 2 0
Alok650/db-basics/internal/db/sqlc/transfers.sql.go:72.16,74.3 1 0
Alok650/db-basics/internal/db/sqlc/transfers.sql.go:75.2,77.18 3 0
Alok650/db-basics/internal/db/sqlc/transfers.sql.go:77.18,85.17 2 0
Alok650/db-basics/internal/db/sqlc/transfers.sql.go:85.17,87.4 1 0
Alok650/db-basics/internal/db/sqlc/transfers.sql.go:88.3,88.27 1 0
Alok650/db-basics/internal/db/sqlc/transfers.sql.go:90.2,90.37 1 0
Alok650/db-basics/internal/db/sqlc/transfers.sql.go:90.37,92.3 1 0
Alok650/db-basics/internal/db/sqlc/transfers.sql.go:93.2,93.35 1 0
Alok650/db-basics/internal/db/sqlc/transfers.sql.go:93.35,95.3 1 0
Alok650/db-basics/internal/db/sqlc/transfers.sql.go:96.2,96.19 1 0
